# JRE version: OpenJDK Runtime Environment (8.0_202-b03) (build 1.8.0_202-release-1483-b03)
# Java VM: OpenJDK 64-Bit Server VM (25.202-b03 mixed mode windows-amd64 compressed oops)
Heap:
 PSYoungGen      total 83456K, used 63676K [0x00000000e0000000, 0x00000000e7980000, 0x0000000100000000)
  eden space 73216K, 73% used [0x00000000e0000000,0x00000000e34339d8,0x00000000e4780000)
  from space 10240K, 99% used [0x00000000e5300000,0x00000000e5cfb680,0x00000000e5d00000)
  to   space 11776K, 0% used [0x00000000e4780000,0x00000000e4780000,0x00000000e5300000)
 ParOldGen       total 59392K, used 14747K [0x00000000a0000000, 0x00000000a3a00000, 0x00000000e0000000)
  object space 59392K, 24% used [0x00000000a0000000,0x00000000a0e66dc8,0x00000000a3a00000)
 Metaspace       used 46695K, capacity 47766K, committed 47872K, reserved 1091584K
  class space    used 6292K, capacity 6582K, committed 6656K, reserved 1048576K
GC Heap History (10 events):
Event: 10.154 GC heap before
{Heap before GC invocations=10 (full 1):
 PSYoungGen      total 63488K, used 59080K [0x00000000e0000000, 0x00000000e4800000, 0x0000000100000000)
  eden space 53248K, 100% used [0x00000000e0000000,0x00000000e3400000,0x00000000e3400000)
  from space 10240K, 56% used [0x00000000e3d80000,0x00000000e43323a0,0x00000000e4780000)
  to   space 9728K, 0% used [0x00000000e3400000,0x00000000e3400000,0x00000000e3d80000)
 ParOldGen       total 59392K, used 8168K [0x00000000a0000000, 0x00000000a3a00000, 0x00000000e0000000)
  object space 59392K, 13% used [0x00000000a0000000,0x00000000a07fa0c0,0x00000000a3a00000)
 Metaspace       used 31775K, capacity 32262K, committed 32512K, reserved 1077248K
  class space    used 4385K, capacity 4556K, committed 4608K, reserved 1048576K
Event: 10.170 GC heap after
Heap after GC invocations=10 (full 1):
 PSYoungGen      total 62976K, used 7716K [0x00000000e0000000, 0x00000000e5d00000, 0x0000000100000000)
  eden space 53248K, 0% used [0x00000000e0000000,0x00000000e0000000,0x00000000e3400000)
  from space 9728K, 79% used [0x00000000e3400000,0x00000000e3b89050,0x00000000e3d80000)
  to   space 10240K, 0% used [0x00000000e5300000,0x00000000e5300000,0x00000000e5d00000)
 ParOldGen       total 59392K, used 8176K [0x00000000a0000000, 0x00000000a3a00000, 0x00000000e0000000)
  object space 59392K, 13% used [0x00000000a0000000,0x00000000a07fc0c0,0x00000000a3a00000)
 Metaspace       used 31775K, capacity 32262K, committed 32512K, reserved 1077248K
  class space    used 4385K, capacity 4556K, committed 4608K, reserved 1048576K
}
Event: 11.105 GC heap before
{Heap before GC invocations=11 (full 1):
 PSYoungGen      total 62976K, used 60964K [0x00000000e0000000, 0x00000000e5d00000, 0x0000000100000000)
  eden space 53248K, 100% used [0x00000000e0000000,0x00000000e3400000,0x00000000e3400000)
  from space 9728K, 79% used [0x00000000e3400000,0x00000000e3b89050,0x00000000e3d80000)
  to   space 10240K, 0% used [0x00000000e5300000,0x00000000e5300000,0x00000000e5d00000)
 ParOldGen       total 59392K, used 8176K [0x00000000a0000000, 0x00000000a3a00000, 0x00000000e0000000)
  object space 59392K, 13% used [0x00000000a0000000,0x00000000a07fc0c0,0x00000000a3a00000)
 Metaspace       used 34492K, capacity 35144K, committed 35456K, reserved 1079296K
  class space    used 4763K, capacity 4947K, committed 4992K, reserved 1048576K
Event: 11.125 GC heap after
Heap after GC invocations=11 (full 1):
 PSYoungGen      total 85504K, used 6427K [0x00000000e0000000, 0x00000000e5d00000, 0x0000000100000000)
  eden space 75264K, 0% used [0x00000000e0000000,0x00000000e0000000,0x00000000e4980000)
  from space 10240K, 62% used [0x00000000e5300000,0x00000000e5946f18,0x00000000e5d00000)
  to   space 9728K, 0% used [0x00000000e4980000,0x00000000e4980000,0x00000000e5300000)
 ParOldGen       total 59392K, used 11492K [0x00000000a0000000, 0x00000000a3a00000, 0x00000000e0000000)
  object space 59392K, 19% used [0x00000000a0000000,0x00000000a0b390e0,0x00000000a3a00000)
 Metaspace       used 34492K, capacity 35144K, committed 35456K, reserved 1079296K
  class space    used 4763K, capacity 4947K, committed 4992K, reserved 1048576K
}
Event: 11.263 GC heap before
{Heap before GC invocations=12 (full 1):
 PSYoungGen      total 85504K, used 12133K [0x00000000e0000000, 0x00000000e5d00000, 0x0000000100000000)
  eden space 75264K, 7% used [0x00000000e0000000,0x00000000e0592628,0x00000000e4980000)
  from space 10240K, 62% used [0x00000000e5300000,0x00000000e5946f18,0x00000000e5d00000)
  to   space 9728K, 0% used [0x00000000e4980000,0x00000000e4980000,0x00000000e5300000)
 ParOldGen       total 59392K, used 11492K [0x00000000a0000000, 0x00000000a3a00000, 0x00000000e0000000)
  object space 59392K, 19% used [0x00000000a0000000,0x00000000a0b390e0,0x00000000a3a00000)
 Metaspace       used 34711K, capacity 35402K, committed 35456K, reserved 1079296K
  class space    used 4785K, capacity 4992K, committed 4992K, reserved 1048576K
Event: 11.271 GC heap after
Heap after GC invocations=12 (full 1):
 PSYoungGen      total 84992K, used 690K [0x00000000e0000000, 0x00000000e5d00000, 0x0000000100000000)
  eden space 75264K, 0% used [0x00000000e0000000,0x00000000e0000000,0x00000000e4980000)
  from space 9728K, 7% used [0x00000000e4980000,0x00000000e4a2ca80,0x00000000e5300000)
  to   space 10240K, 0% used [0x00000000e5300000,0x00000000e5300000,0x00000000e5d00000)
 ParOldGen       total 59392K, used 15316K [0x00000000a0000000, 0x00000000a3a00000, 0x00000000e0000000)
  object space 59392K, 25% used [0x00000000a0000000,0x00000000a0ef5100,0x00000000a3a00000)
 Metaspace       used 34711K, capacity 35402K, committed 35456K, reserved 1079296K
  class space    used 4785K, capacity 4992K, committed 4992K, reserved 1048576K
}
Event: 11.271 GC heap before
{Heap before GC invocations=13 (full 2):
 PSYoungGen      total 84992K, used 690K [0x00000000e0000000, 0x00000000e5d00000, 0x0000000100000000)
  eden space 75264K, 0% used [0x00000000e0000000,0x00000000e0000000,0x00000000e4980000)
  from space 9728K, 7% used [0x00000000e4980000,0x00000000e4a2ca80,0x00000000e5300000)
  to   space 10240K, 0% used [0x00000000e5300000,0x00000000e5300000,0x00000000e5d00000)
 ParOldGen       total 59392K, used 15316K [0x00000000a0000000, 0x00000000a3a00000, 0x00000000e0000000)
  object space 59392K, 25% used [0x00000000a0000000,0x00000000a0ef5100,0x00000000a3a00000)
 Metaspace       used 34711K, capacity 35402K, committed 35456K, reserved 1079296K
  class space    used 4785K, capacity 4992K, committed 4992K, reserved 1048576K
Event: 11.374 GC heap after
Heap after GC invocations=13 (full 2):
 PSYoungGen      total 84992K, used 0K [0x00000000e0000000, 0x00000000e5d00000, 0x0000000100000000)
  eden space 75264K, 0% used [0x00000000e0000000,0x00000000e0000000,0x00000000e4980000)
  from space 9728K, 0% used [0x00000000e4980000,0x00000000e4980000,0x00000000e5300000)
  to   space 10240K, 0% used [0x00000000e5300000,0x00000000e5300000,0x00000000e5d00000)
 ParOldGen       total 59392K, used 14697K [0x00000000a0000000, 0x00000000a3a00000, 0x00000000e0000000)
  object space 59392K, 24% used [0x00000000a0000000,0x00000000a0e5a650,0x00000000a3a00000)
 Metaspace       used 34708K, capacity 35390K, committed 35456K, reserved 1079296K
  class space    used 4784K, capacity 4990K, committed 4992K, reserved 1048576K
}
Event: 13.505 GC heap before
{Heap before GC invocations=14 (full 2):
 PSYoungGen      total 84992K, used 75264K [0x00000000e0000000, 0x00000000e5d00000, 0x0000000100000000)
  eden space 75264K, 100% used [0x00000000e0000000,0x00000000e4980000,0x00000000e4980000)
  from space 9728K, 0% used [0x00000000e4980000,0x00000000e4980000,0x00000000e5300000)
  to   space 10240K, 0% used [0x00000000e5300000,0x00000000e5300000,0x00000000e5d00000)
 ParOldGen       total 59392K, used 14697K [0x00000000a0000000, 0x00000000a3a00000, 0x00000000e0000000)
  object space 59392K, 24% used [0x00000000a0000000,0x00000000a0e5a650,0x00000000a3a00000)
 Metaspace       used 43235K, capacity 44118K, committed 44288K, reserved 1087488K
  class space    used 5853K, capacity 6091K, committed 6144K, reserved 1048576K
Event: 13.517 GC heap after
Heap after GC invocations=14 (full 2):
 PSYoungGen      total 83456K, used 10221K [0x00000000e0000000, 0x00000000e7980000, 0x0000000100000000)
  eden space 73216K, 0% used [0x00000000e0000000,0x00000000e0000000,0x00000000e4780000)
  from space 10240K, 99% used [0x00000000e5300000,0x00000000e5cfb680,0x00000000e5d00000)
  to   space 11776K, 0% used [0x00000000e4780000,0x00000000e4780000,0x00000000e5300000)
 ParOldGen       total 59392K, used 14747K [0x00000000a0000000, 0x00000000a3a00000, 0x00000000e0000000)
  object space 59392K, 24% used [0x00000000a0000000,0x00000000a0e66dc8,0x00000000a3a00000)
 Metaspace       used 43235K, capacity 44118K, committed 44288K, reserved 1087488K
  class space    used 5853K, capacity 6091K, committed 6144K, reserved 1048576K
}

