# JRE version: OpenJDK Runtime Environment (8.0_202-b03) (build 1.8.0_202-release-1483-b03)
# Java VM: OpenJDK 64-Bit Server VM (25.202-b03 mixed mode windows-amd64 compressed oops)
Heap:
 PSYoungGen      total 221696K, used 74911K [0x00000000e0000000, 0x00000000efd80000, 0x0000000100000000)
  eden space 183808K, 40% used [0x00000000e0000000,0x00000000e4927d48,0x00000000eb380000)
  from space 37888K, 0% used [0x00000000eb380000,0x00000000eb380000,0x00000000ed880000)
  to   space 31744K, 0% used [0x00000000ede80000,0x00000000ede80000,0x00000000efd80000)
 ParOldGen       total 112128K, used 71335K [0x00000000a0000000, 0x00000000a6d80000, 0x00000000e0000000)
  object space 112128K, 63% used [0x00000000a0000000,0x00000000a45a9f60,0x00000000a6d80000)
 Metaspace       used 94621K, capacity 98424K, committed 98856K, reserved 1134592K
  class space    used 12025K, capacity 12777K, committed 12928K, reserved 1048576K
GC Heap History (10 events):
Event: 1125.989 GC heap before
{Heap before GC invocations=29 (full 3):
 PSYoungGen      total 235008K, used 235004K [0x00000000e0000000, 0x00000000f1780000, 0x0000000100000000)
  eden space 205312K, 100% used [0x00000000e0000000,0x00000000ec880000,0x00000000ec880000)
  from space 29696K, 99% used [0x00000000ed000000,0x00000000eecff3f0,0x00000000eed00000)
  to   space 40448K, 0% used [0x00000000ef000000,0x00000000ef000000,0x00000000f1780000)
 ParOldGen       total 112128K, used 66864K [0x00000000a0000000, 0x00000000a6d80000, 0x00000000e0000000)
  object space 112128K, 59% used [0x00000000a0000000,0x00000000a414c318,0x00000000a6d80000)
 Metaspace       used 83656K, capacity 86812K, committed 86912K, reserved 1124352K
  class space    used 10684K, capacity 11319K, committed 11392K, reserved 1048576K
Event: 1126.039 GC heap after
Heap after GC invocations=29 (full 3):
 PSYoungGen      total 228352K, used 17547K [0x00000000e0000000, 0x00000000f0e00000, 0x0000000100000000)
  eden space 197632K, 0% used [0x00000000e0000000,0x00000000e0000000,0x00000000ec100000)
  from space 30720K, 57% used [0x00000000ef000000,0x00000000f0122fb0,0x00000000f0e00000)
  to   space 39424K, 0% used [0x00000000ec100000,0x00000000ec100000,0x00000000ee780000)
 ParOldGen       total 112128K, used 81238K [0x00000000a0000000, 0x00000000a6d80000, 0x00000000e0000000)
  object space 112128K, 72% used [0x00000000a0000000,0x00000000a4f558b8,0x00000000a6d80000)
 Metaspace       used 83656K, capacity 86812K, committed 86912K, reserved 1124352K
  class space    used 10684K, capacity 11319K, committed 11392K, reserved 1048576K
}
Event: 1137.515 GC heap before
{Heap before GC invocations=30 (full 3):
 PSYoungGen      total 228352K, used 215179K [0x00000000e0000000, 0x00000000f0e00000, 0x0000000100000000)
  eden space 197632K, 100% used [0x00000000e0000000,0x00000000ec100000,0x00000000ec100000)
  from space 30720K, 57% used [0x00000000ef000000,0x00000000f0122fb0,0x00000000f0e00000)
  to   space 39424K, 0% used [0x00000000ec100000,0x00000000ec100000,0x00000000ee780000)
 ParOldGen       total 112128K, used 81238K [0x00000000a0000000, 0x00000000a6d80000, 0x00000000e0000000)
  object space 112128K, 72% used [0x00000000a0000000,0x00000000a4f558b8,0x00000000a6d80000)
 Metaspace       used 86474K, capacity 89876K, committed 90112K, reserved 1128448K
  class space    used 10978K, capacity 11679K, committed 11776K, reserved 1048576K
Event: 1137.579 GC heap after
Heap after GC invocations=30 (full 3):
 PSYoungGen      total 206336K, used 15424K [0x00000000e0000000, 0x00000000f0300000, 0x0000000100000000)
  eden space 190464K, 0% used [0x00000000e0000000,0x00000000e0000000,0x00000000eba00000)
  from space 15872K, 97% used [0x00000000ec100000,0x00000000ed010050,0x00000000ed080000)
  to   space 37376K, 0% used [0x00000000ede80000,0x00000000ede80000,0x00000000f0300000)
 ParOldGen       total 112128K, used 81246K [0x00000000a0000000, 0x00000000a6d80000, 0x00000000e0000000)
  object space 112128K, 72% used [0x00000000a0000000,0x00000000a4f578b8,0x00000000a6d80000)
 Metaspace       used 86474K, capacity 89876K, committed 90112K, reserved 1128448K
  class space    used 10978K, capacity 11679K, committed 11776K, reserved 1048576K
}
Event: 1144.603 GC heap before
{Heap before GC invocations=31 (full 3):
 PSYoungGen      total 206336K, used 205888K [0x00000000e0000000, 0x00000000f0300000, 0x0000000100000000)
  eden space 190464K, 100% used [0x00000000e0000000,0x00000000eba00000,0x00000000eba00000)
  from space 15872K, 97% used [0x00000000ec100000,0x00000000ed010050,0x00000000ed080000)
  to   space 37376K, 0% used [0x00000000ede80000,0x00000000ede80000,0x00000000f0300000)
 ParOldGen       total 112128K, used 81246K [0x00000000a0000000, 0x00000000a6d80000, 0x00000000e0000000)
  object space 112128K, 72% used [0x00000000a0000000,0x00000000a4f578b8,0x00000000a6d80000)
 Metaspace       used 93653K, capacity 97390K, committed 97536K, reserved 1134592K
  class space    used 11926K, capacity 12700K, committed 12800K, reserved 1048576K
Event: 1144.658 GC heap after
Heap after GC invocations=31 (full 3):
 PSYoungGen      total 215552K, used 23157K [0x00000000e0000000, 0x00000000efd80000, 0x0000000100000000)
  eden space 183808K, 0% used [0x00000000e0000000,0x00000000e0000000,0x00000000eb380000)
  from space 31744K, 72% used [0x00000000ede80000,0x00000000ef51d448,0x00000000efd80000)
  to   space 37888K, 0% used [0x00000000eb380000,0x00000000eb380000,0x00000000ed880000)
 ParOldGen       total 112128K, used 81246K [0x00000000a0000000, 0x00000000a6d80000, 0x00000000e0000000)
  object space 112128K, 72% used [0x00000000a0000000,0x00000000a4f578b8,0x00000000a6d80000)
 Metaspace       used 93653K, capacity 97390K, committed 97536K, reserved 1134592K
  class space    used 11926K, capacity 12700K, committed 12800K, reserved 1048576K
}
Event: 1146.981 GC heap before
{Heap before GC invocations=32 (full 3):
 PSYoungGen      total 215552K, used 158811K [0x00000000e0000000, 0x00000000efd80000, 0x0000000100000000)
  eden space 183808K, 73% used [0x00000000e0000000,0x00000000e8479b20,0x00000000eb380000)
  from space 31744K, 72% used [0x00000000ede80000,0x00000000ef51d448,0x00000000efd80000)
  to   space 37888K, 0% used [0x00000000eb380000,0x00000000eb380000,0x00000000ed880000)
 ParOldGen       total 112128K, used 81246K [0x00000000a0000000, 0x00000000a6d80000, 0x00000000e0000000)
  object space 112128K, 72% used [0x00000000a0000000,0x00000000a4f578b8,0x00000000a6d80000)
 Metaspace       used 94586K, capacity 98480K, committed 98600K, reserved 1134592K
  class space    used 12036K, capacity 12809K, committed 12928K, reserved 1048576K
Event: 1147.046 GC heap after
Heap after GC invocations=32 (full 3):
 PSYoungGen      total 221696K, used 19821K [0x00000000e0000000, 0x00000000efd80000, 0x0000000100000000)
  eden space 183808K, 0% used [0x00000000e0000000,0x00000000e0000000,0x00000000eb380000)
  from space 37888K, 52% used [0x00000000eb380000,0x00000000ec6db4b0,0x00000000ed880000)
  to   space 31744K, 0% used [0x00000000ede80000,0x00000000ede80000,0x00000000efd80000)
 ParOldGen       total 112128K, used 81246K [0x00000000a0000000, 0x00000000a6d80000, 0x00000000e0000000)
  object space 112128K, 72% used [0x00000000a0000000,0x00000000a4f578b8,0x00000000a6d80000)
 Metaspace       used 94586K, capacity 98480K, committed 98600K, reserved 1134592K
  class space    used 12036K, capacity 12809K, committed 12928K, reserved 1048576K
}
Event: 1147.046 GC heap before
{Heap before GC invocations=33 (full 4):
 PSYoungGen      total 221696K, used 19821K [0x00000000e0000000, 0x00000000efd80000, 0x0000000100000000)
  eden space 183808K, 0% used [0x00000000e0000000,0x00000000e0000000,0x00000000eb380000)
  from space 37888K, 52% used [0x00000000eb380000,0x00000000ec6db4b0,0x00000000ed880000)
  to   space 31744K, 0% used [0x00000000ede80000,0x00000000ede80000,0x00000000efd80000)
 ParOldGen       total 112128K, used 81246K [0x00000000a0000000, 0x00000000a6d80000, 0x00000000e0000000)
  object space 112128K, 72% used [0x00000000a0000000,0x00000000a4f578b8,0x00000000a6d80000)
 Metaspace       used 94586K, capacity 98480K, committed 98600K, reserved 1134592K
  class space    used 12036K, capacity 12809K, committed 12928K, reserved 1048576K
Event: 1147.860 GC heap after
Heap after GC invocations=33 (full 4):
 PSYoungGen      total 221696K, used 0K [0x00000000e0000000, 0x00000000efd80000, 0x0000000100000000)
  eden space 183808K, 0% used [0x00000000e0000000,0x00000000e0000000,0x00000000eb380000)
  from space 37888K, 0% used [0x00000000eb380000,0x00000000eb380000,0x00000000ed880000)
  to   space 31744K, 0% used [0x00000000ede80000,0x00000000ede80000,0x00000000efd80000)
 ParOldGen       total 112128K, used 71335K [0x00000000a0000000, 0x00000000a6d80000, 0x00000000e0000000)
  object space 112128K, 63% used [0x00000000a0000000,0x00000000a45a9f60,0x00000000a6d80000)
 Metaspace       used 94476K, capacity 98162K, committed 98600K, reserved 1134592K
  class space    used 12001K, capacity 12748K, committed 12928K, reserved 1048576K
}

